
Showing logs for build [32mcb-kubecd-environment-pr-120-49-bc284-1[0m stage [32mfrom-build-pack[0m and container [32mstep-credential-initializer-lrqfb[0m
{"level":"warn","ts":1577498701.3432648,"logger":"fallback-logger","caller":"logging/config.go:69","msg":"Fetch GitHub commit ID from kodata failed: \"ref: refs/heads/master\" is not a valid GitHub commit ID"}
{"level":"info","ts":1577498701.3441234,"logger":"fallback-logger","caller":"creds-init/main.go:40","msg":"Credentials initialized."}

Showing logs for build [32mcb-kubecd-environment-pr-120-49-bc284-1[0m stage [32mfrom-build-pack[0m and container [32mstep-working-dir-initializer-q2s8g[0m
{"level":"warn","ts":1577498702.8034687,"logger":"fallback-logger","caller":"logging/config.go:69","msg":"Fetch GitHub commit ID from kodata failed: open /var/run/ko/HEAD: no such file or directory"}
{"level":"info","ts":1577498702.8083262,"logger":"fallback-logger","caller":"bash/main.go:65","msg":"Successfully executed command \"mkdir -p /workspace/source\""}

Showing logs for build [32mcb-kubecd-environment-pr-120-49-bc284-1[0m stage [32mfrom-build-pack[0m and container [32mstep-place-tools[0m

Showing logs for build [32mcb-kubecd-environment-pr-120-49-bc284-1[0m stage [32mfrom-build-pack[0m and container [32mstep-git-source-cb-kubecd-environment-pr-120-49-ssctp[0m
{"level":"warn","ts":1577498708.0001166,"logger":"fallback-logger","caller":"logging/config.go:69","msg":"Fetch GitHub commit ID from kodata failed: \"ref: refs/heads/master\" is not a valid GitHub commit ID"}
{"level":"info","ts":1577498709.265495,"logger":"fallback-logger","caller":"git/git.go:102","msg":"Successfully cloned https://github.com/cb-kubecd/environment-pr-120-49-boot-gke-staging.git @ master in path /workspace/source"}

Showing logs for build [32mcb-kubecd-environment-pr-120-49-bc284-1[0m stage [32mfrom-build-pack[0m and container [32mstep-git-merge[0m
Using SHAs from PULL_REFS=master:ba4e463501af94e95af3319c25d3cf07a293795b,8:b37bc757fa36b0903edc873a62e975ccc98e46cc
DEBUG: ran git fetch --unshallow origin b37bc757fa36b0903edc873a62e975ccc98e46cc: ba4e463501af94e95af3319c25d3cf07a293795b: in 
DEBUG: ran git checkout master in 
DEBUG: ran git reset --hard ba4e463501af94e95af3319c25d3cf07a293795b in 
DEBUG: ran clean --force -d . in 
DEBUG: ran git merge b37bc757fa36b0903edc873a62e975ccc98e46cc in 
Merged SHA b37bc757fa36b0903edc873a62e975ccc98e46cc with commit message 'chore: Promote bdd-sbrp-import-1577496767 to version 0.0.1' into base branch master

Showing logs for build [32mcb-kubecd-environment-pr-120-49-bc284-1[0m stage [32mfrom-build-pack[0m and container [32mstep-build-helm-build[0m
WARNING: No $CHART_REPOSITORY defined so using the default value of: http://jenkins-x-chartmuseum:8080
Adding missing Helm repo: storage.googleapis.com https://storage.googleapis.com/chartmuseum.jenkins-x.io
WARNING: No secrets found on "helm/repos" due: reading the secret "helm/repos" from vault: no secret "helm/repos" not found in vault
Read credentials for https://storage.googleapis.com/chartmuseum.jenkins-x.io from vault helm/repos
Successfully added Helm repository storage.googleapis.com.
Adding missing Helm repo: jenkins-x-chartmuseum http://jenkins-x-chartmuseum:8080
WARNING: No secrets found on "helm/repos" due: reading the secret "helm/repos" from vault: no secret "helm/repos" not found in vault
Read credentials for http://jenkins-x-chartmuseum:8080 from vault helm/repos
Successfully added Helm repository jenkins-x-chartmuseum.
WARNING: No $CHART_REPOSITORY defined so using the default value of: http://jenkins-x-chartmuseum:8080
Adding missing Helm repo: chartmuseum.jenkins-x.io http://chartmuseum.jenkins-x.io
WARNING: No secrets found on "helm/repos" due: reading the secret "helm/repos" from vault: no secret "helm/repos" not found in vault
Read credentials for http://chartmuseum.jenkins-x.io from vault helm/repos
Successfully added Helm repository chartmuseum.jenkins-x.io.
