
Showing logs for build [32mcb-kubecd-environment-pr-120-49-hm5h4-1[0m stage [32mfrom-build-pack[0m and container [32mstep-credential-initializer-v2mfj[0m
{"level":"warn","ts":1577495431.8181171,"logger":"fallback-logger","caller":"logging/config.go:69","msg":"Fetch GitHub commit ID from kodata failed: \"ref: refs/heads/master\" is not a valid GitHub commit ID"}
{"level":"info","ts":1577495431.8192966,"logger":"fallback-logger","caller":"creds-init/main.go:40","msg":"Credentials initialized."}

Showing logs for build [32mcb-kubecd-environment-pr-120-49-hm5h4-1[0m stage [32mfrom-build-pack[0m and container [32mstep-working-dir-initializer-b8mmg[0m
{"level":"warn","ts":1577495432.7910633,"logger":"fallback-logger","caller":"logging/config.go:69","msg":"Fetch GitHub commit ID from kodata failed: open /var/run/ko/HEAD: no such file or directory"}
{"level":"info","ts":1577495432.7956102,"logger":"fallback-logger","caller":"bash/main.go:65","msg":"Successfully executed command \"mkdir -p /workspace/source\""}

Showing logs for build [32mcb-kubecd-environment-pr-120-49-hm5h4-1[0m stage [32mfrom-build-pack[0m and container [32mstep-place-tools[0m

Showing logs for build [32mcb-kubecd-environment-pr-120-49-hm5h4-1[0m stage [32mfrom-build-pack[0m and container [32mstep-git-source-cb-kubecd-environment-pr-120-49-7vpk4[0m
{"level":"warn","ts":1577495437.0499983,"logger":"fallback-logger","caller":"logging/config.go:69","msg":"Fetch GitHub commit ID from kodata failed: \"ref: refs/heads/master\" is not a valid GitHub commit ID"}
{"level":"info","ts":1577495438.2236392,"logger":"fallback-logger","caller":"git/git.go:102","msg":"Successfully cloned https://github.com/cb-kubecd/environment-pr-120-49-boot-gke-staging.git @ master in path /workspace/source"}

Showing logs for build [32mcb-kubecd-environment-pr-120-49-hm5h4-1[0m stage [32mfrom-build-pack[0m and container [32mstep-git-merge[0m
Using SHAs from PULL_REFS=master:ebbc1da6215e58199cc031a04d6fa798d5c397ae,3:b1adec1cd54d4b6aee99cd1d1ef7bcd2846cab47
DEBUG: ran git fetch --unshallow origin b1adec1cd54d4b6aee99cd1d1ef7bcd2846cab47: ebbc1da6215e58199cc031a04d6fa798d5c397ae: in 
DEBUG: ran git checkout master in 
DEBUG: ran git reset --hard ebbc1da6215e58199cc031a04d6fa798d5c397ae in 
DEBUG: ran clean --force -d . in 
DEBUG: ran git merge b1adec1cd54d4b6aee99cd1d1ef7bcd2846cab47 in 
Merged SHA b1adec1cd54d4b6aee99cd1d1ef7bcd2846cab47 with commit message 'chore: Promote bdd-nh-1577494457 to version 0.0.1' into base branch master

Showing logs for build [32mcb-kubecd-environment-pr-120-49-hm5h4-1[0m stage [32mfrom-build-pack[0m and container [32mstep-build-helm-build[0m
WARNING: No $CHART_REPOSITORY defined so using the default value of: http://jenkins-x-chartmuseum:8080
Adding missing Helm repo: storage.googleapis.com https://storage.googleapis.com/chartmuseum.jenkins-x.io
WARNING: No secrets found on "helm/repos" due: reading the secret "helm/repos" from vault: no secret "helm/repos" not found in vault
Read credentials for https://storage.googleapis.com/chartmuseum.jenkins-x.io from vault helm/repos
Successfully added Helm repository storage.googleapis.com.
Adding missing Helm repo: jenkins-x-chartmuseum http://jenkins-x-chartmuseum:8080
WARNING: No secrets found on "helm/repos" due: reading the secret "helm/repos" from vault: no secret "helm/repos" not found in vault
Read credentials for http://jenkins-x-chartmuseum:8080 from vault helm/repos
Successfully added Helm repository jenkins-x-chartmuseum.
WARNING: No $CHART_REPOSITORY defined so using the default value of: http://jenkins-x-chartmuseum:8080
Adding missing Helm repo: chartmuseum.jenkins-x.io http://chartmuseum.jenkins-x.io
WARNING: No secrets found on "helm/repos" due: reading the secret "helm/repos" from vault: no secret "helm/repos" not found in vault
Read credentials for http://chartmuseum.jenkins-x.io from vault helm/repos
Successfully added Helm repository chartmuseum.jenkins-x.io.
