
Showing logs for build [32mcb-kubecd-environment-pr-120-49-zj8lp-1[0m stage [32mfrom-build-pack[0m and container [32mstep-credential-initializer-lbxgx[0m
{"level":"warn","ts":1577494769.4807868,"logger":"fallback-logger","caller":"logging/config.go:69","msg":"Fetch GitHub commit ID from kodata failed: \"ref: refs/heads/master\" is not a valid GitHub commit ID"}
{"level":"info","ts":1577494769.481608,"logger":"fallback-logger","caller":"creds-init/main.go:40","msg":"Credentials initialized."}

Showing logs for build [32mcb-kubecd-environment-pr-120-49-zj8lp-1[0m stage [32mfrom-build-pack[0m and container [32mstep-working-dir-initializer-wjv8t[0m
{"level":"warn","ts":1577494770.4824145,"logger":"fallback-logger","caller":"logging/config.go:69","msg":"Fetch GitHub commit ID from kodata failed: open /var/run/ko/HEAD: no such file or directory"}
{"level":"info","ts":1577494770.4849458,"logger":"fallback-logger","caller":"bash/main.go:65","msg":"Successfully executed command \"mkdir -p /workspace/source\""}

Showing logs for build [32mcb-kubecd-environment-pr-120-49-zj8lp-1[0m stage [32mfrom-build-pack[0m and container [32mstep-place-tools[0m

Showing logs for build [32mcb-kubecd-environment-pr-120-49-zj8lp-1[0m stage [32mfrom-build-pack[0m and container [32mstep-git-source-cb-kubecd-environment-pr-120-49-dx75l[0m
{"level":"warn","ts":1577494776.6575007,"logger":"fallback-logger","caller":"logging/config.go:69","msg":"Fetch GitHub commit ID from kodata failed: \"ref: refs/heads/master\" is not a valid GitHub commit ID"}
{"level":"info","ts":1577494777.8129041,"logger":"fallback-logger","caller":"git/git.go:102","msg":"Successfully cloned https://github.com/cb-kubecd/environment-pr-120-49-boot-gke-staging.git @ master in path /workspace/source"}

Showing logs for build [32mcb-kubecd-environment-pr-120-49-zj8lp-1[0m stage [32mfrom-build-pack[0m and container [32mstep-git-merge[0m
Using SHAs from PULL_REFS=master:9612b7e9aab65bebd42fec2e2227f8bac033024f,2:ff4fd001e3126a1509dfa72d72106e0464aadd74
DEBUG: ran git fetch --unshallow origin ff4fd001e3126a1509dfa72d72106e0464aadd74: 9612b7e9aab65bebd42fec2e2227f8bac033024f: in 
DEBUG: ran git checkout master in 
DEBUG: ran git reset --hard 9612b7e9aab65bebd42fec2e2227f8bac033024f in 
DEBUG: ran clean --force -d . in 
DEBUG: ran git merge ff4fd001e3126a1509dfa72d72106e0464aadd74 in 
Merged SHA ff4fd001e3126a1509dfa72d72106e0464aadd74 with commit message 'chore: Promote bdd-gh-1577494457 to version 0.0.1' into base branch master

Showing logs for build [32mcb-kubecd-environment-pr-120-49-zj8lp-1[0m stage [32mfrom-build-pack[0m and container [32mstep-build-helm-build[0m
WARNING: No $CHART_REPOSITORY defined so using the default value of: http://jenkins-x-chartmuseum:8080
Adding missing Helm repo: storage.googleapis.com https://storage.googleapis.com/chartmuseum.jenkins-x.io
WARNING: No secrets found on "helm/repos" due: reading the secret "helm/repos" from vault: no secret "helm/repos" not found in vault
Read credentials for https://storage.googleapis.com/chartmuseum.jenkins-x.io from vault helm/repos
Successfully added Helm repository storage.googleapis.com.
Adding missing Helm repo: jenkins-x-chartmuseum http://jenkins-x-chartmuseum:8080
WARNING: No secrets found on "helm/repos" due: reading the secret "helm/repos" from vault: no secret "helm/repos" not found in vault
Read credentials for http://jenkins-x-chartmuseum:8080 from vault helm/repos
Successfully added Helm repository jenkins-x-chartmuseum.
WARNING: No $CHART_REPOSITORY defined so using the default value of: http://jenkins-x-chartmuseum:8080
Adding missing Helm repo: chartmuseum.jenkins-x.io http://chartmuseum.jenkins-x.io
WARNING: No secrets found on "helm/repos" due: reading the secret "helm/repos" from vault: no secret "helm/repos" not found in vault
Read credentials for http://chartmuseum.jenkins-x.io from vault helm/repos
Successfully added Helm repository chartmuseum.jenkins-x.io.
