
Showing logs for build [32mcb-kubecd-environment-pr-120-49-6c9wv-1[0m stage [32mfrom-build-pack[0m and container [32mstep-credential-initializer-v7xmh[0m
{"level":"warn","ts":1577497553.3596737,"logger":"fallback-logger","caller":"logging/config.go:69","msg":"Fetch GitHub commit ID from kodata failed: \"ref: refs/heads/master\" is not a valid GitHub commit ID"}
{"level":"info","ts":1577497553.3602839,"logger":"fallback-logger","caller":"creds-init/main.go:40","msg":"Credentials initialized."}

Showing logs for build [32mcb-kubecd-environment-pr-120-49-6c9wv-1[0m stage [32mfrom-build-pack[0m and container [32mstep-working-dir-initializer-h9zbw[0m
{"level":"warn","ts":1577497554.4021564,"logger":"fallback-logger","caller":"logging/config.go:69","msg":"Fetch GitHub commit ID from kodata failed: open /var/run/ko/HEAD: no such file or directory"}
{"level":"info","ts":1577497554.4037168,"logger":"fallback-logger","caller":"bash/main.go:65","msg":"Successfully executed command \"mkdir -p /workspace/source\""}

Showing logs for build [32mcb-kubecd-environment-pr-120-49-6c9wv-1[0m stage [32mfrom-build-pack[0m and container [32mstep-place-tools[0m

Showing logs for build [32mcb-kubecd-environment-pr-120-49-6c9wv-1[0m stage [32mfrom-build-pack[0m and container [32mstep-git-source-cb-kubecd-environment-pr-120-49-lvwjp[0m
{"level":"warn","ts":1577497560.6407177,"logger":"fallback-logger","caller":"logging/config.go:69","msg":"Fetch GitHub commit ID from kodata failed: \"ref: refs/heads/master\" is not a valid GitHub commit ID"}
{"level":"info","ts":1577497561.7455428,"logger":"fallback-logger","caller":"git/git.go:102","msg":"Successfully cloned https://github.com/cb-kubecd/environment-pr-120-49-boot-gke-staging.git @ master in path /workspace/source"}

Showing logs for build [32mcb-kubecd-environment-pr-120-49-6c9wv-1[0m stage [32mfrom-build-pack[0m and container [32mstep-git-merge[0m
Using SHAs from PULL_REFS=master:963133551fe01cf45e76b1107660f1c2765f472f,6:f42738ec32cfa39a59bdc1f45791983ab01ebcb6
DEBUG: ran git fetch --unshallow origin f42738ec32cfa39a59bdc1f45791983ab01ebcb6: 963133551fe01cf45e76b1107660f1c2765f472f: in 
DEBUG: ran git checkout master in 
DEBUG: ran git reset --hard 963133551fe01cf45e76b1107660f1c2765f472f in 
DEBUG: ran clean --force -d . in 
DEBUG: ran git merge f42738ec32cfa39a59bdc1f45791983ab01ebcb6 in 
Merged SHA f42738ec32cfa39a59bdc1f45791983ab01ebcb6 with commit message 'chore: Promote bdd-ghf**y-import-1577496767 to version 0.0.1' into base branch master

Showing logs for build [32mcb-kubecd-environment-pr-120-49-6c9wv-1[0m stage [32mfrom-build-pack[0m and container [32mstep-build-helm-build[0m
WARNING: No $CHART_REPOSITORY defined so using the default value of: http://jenkins-x-chartmuseum:8080
Adding missing Helm repo: storage.googleapis.com https://storage.googleapis.com/chartmuseum.jenkins-x.io
WARNING: No secrets found on "helm/repos" due: reading the secret "helm/repos" from vault: no secret "helm/repos" not found in vault
Read credentials for https://storage.googleapis.com/chartmuseum.jenkins-x.io from vault helm/repos
Successfully added Helm repository storage.googleapis.com.
Adding missing Helm repo: jenkins-x-chartmuseum http://jenkins-x-chartmuseum:8080
WARNING: No secrets found on "helm/repos" due: reading the secret "helm/repos" from vault: no secret "helm/repos" not found in vault
Read credentials for http://jenkins-x-chartmuseum:8080 from vault helm/repos
Successfully added Helm repository jenkins-x-chartmuseum.
WARNING: No $CHART_REPOSITORY defined so using the default value of: http://jenkins-x-chartmuseum:8080
Adding missing Helm repo: chartmuseum.jenkins-x.io http://chartmuseum.jenkins-x.io
WARNING: No secrets found on "helm/repos" due: reading the secret "helm/repos" from vault: no secret "helm/repos" not found in vault
Read credentials for http://chartmuseum.jenkins-x.io from vault helm/repos
Successfully added Helm repository chartmuseum.jenkins-x.io.
