
Showing logs for build [32mcb-kubecd-environment-pr-120-49-pwg6g-1[0m stage [32mfrom-build-pack[0m and container [32mstep-credential-initializer-zh7cb[0m
{"level":"warn","ts":1577497052.5227456,"logger":"fallback-logger","caller":"logging/config.go:69","msg":"Fetch GitHub commit ID from kodata failed: \"ref: refs/heads/master\" is not a valid GitHub commit ID"}
{"level":"info","ts":1577497052.525743,"logger":"fallback-logger","caller":"creds-init/main.go:40","msg":"Credentials initialized."}

Showing logs for build [32mcb-kubecd-environment-pr-120-49-pwg6g-1[0m stage [32mfrom-build-pack[0m and container [32mstep-working-dir-initializer-dcr65[0m
{"level":"warn","ts":1577497053.879181,"logger":"fallback-logger","caller":"logging/config.go:69","msg":"Fetch GitHub commit ID from kodata failed: open /var/run/ko/HEAD: no such file or directory"}
{"level":"info","ts":1577497053.8881013,"logger":"fallback-logger","caller":"bash/main.go:65","msg":"Successfully executed command \"mkdir -p /workspace/source\""}

Showing logs for build [32mcb-kubecd-environment-pr-120-49-pwg6g-1[0m stage [32mfrom-build-pack[0m and container [32mstep-place-tools[0m

Showing logs for build [32mcb-kubecd-environment-pr-120-49-pwg6g-1[0m stage [32mfrom-build-pack[0m and container [32mstep-git-source-cb-kubecd-environment-pr-120-49-wjmmm[0m
{"level":"warn","ts":1577497059.049708,"logger":"fallback-logger","caller":"logging/config.go:69","msg":"Fetch GitHub commit ID from kodata failed: \"ref: refs/heads/master\" is not a valid GitHub commit ID"}
{"level":"info","ts":1577497060.253429,"logger":"fallback-logger","caller":"git/git.go:102","msg":"Successfully cloned https://github.com/cb-kubecd/environment-pr-120-49-boot-gke-staging.git @ master in path /workspace/source"}

Showing logs for build [32mcb-kubecd-environment-pr-120-49-pwg6g-1[0m stage [32mfrom-build-pack[0m and container [32mstep-git-merge[0m
Using SHAs from PULL_REFS=master:6eee2da48279080c2872470dea78d913dd055026,5:aa5a36c791f15b51574dde55f3b5fbb64e4409e8
DEBUG: ran git fetch --unshallow origin aa5a36c791f15b51574dde55f3b5fbb64e4409e8: 6eee2da48279080c2872470dea78d913dd055026: in 
DEBUG: ran git checkout master in 
DEBUG: ran git reset --hard 6eee2da48279080c2872470dea78d913dd055026 in 
DEBUG: ran clean --force -d . in 
DEBUG: ran git merge aa5a36c791f15b51574dde55f3b5fbb64e4409e8 in 
Merged SHA aa5a36c791f15b51574dde55f3b5fbb64e4409e8 with commit message 'chore: Promote bdd-nh-import-1577496767 to version 0.0.1' into base branch master

Showing logs for build [32mcb-kubecd-environment-pr-120-49-pwg6g-1[0m stage [32mfrom-build-pack[0m and container [32mstep-build-helm-build[0m
WARNING: No $CHART_REPOSITORY defined so using the default value of: http://jenkins-x-chartmuseum:8080
Adding missing Helm repo: storage.googleapis.com https://storage.googleapis.com/chartmuseum.jenkins-x.io
WARNING: No secrets found on "helm/repos" due: reading the secret "helm/repos" from vault: no secret "helm/repos" not found in vault
Read credentials for https://storage.googleapis.com/chartmuseum.jenkins-x.io from vault helm/repos
Successfully added Helm repository storage.googleapis.com.
Adding missing Helm repo: jenkins-x-chartmuseum http://jenkins-x-chartmuseum:8080
WARNING: No secrets found on "helm/repos" due: reading the secret "helm/repos" from vault: no secret "helm/repos" not found in vault
Read credentials for http://jenkins-x-chartmuseum:8080 from vault helm/repos
Successfully added Helm repository jenkins-x-chartmuseum.
WARNING: No $CHART_REPOSITORY defined so using the default value of: http://jenkins-x-chartmuseum:8080
Adding missing Helm repo: chartmuseum.jenkins-x.io http://chartmuseum.jenkins-x.io
WARNING: No secrets found on "helm/repos" due: reading the secret "helm/repos" from vault: no secret "helm/repos" not found in vault
Read credentials for http://chartmuseum.jenkins-x.io from vault helm/repos
Successfully added Helm repository chartmuseum.jenkins-x.io.
